<?xml version="1.0" encoding="UTF-8"?>
<!-- Generated by org.testng.reporters.JUnitReportReporter -->
<testsuite hostname="LAPTOP-JC9LRVSN" failures="0" tests="1" name="BookingTestWithTestNG" time="12.579" errors="0" timestamp="2020-11-11T00:59:25 MST" skipped="0">
  <testcase classname="BookingTestWithTestNG" name="demo" time="12.579"/>
  <system-out/>
</testsuite> <!-- BookingTestWithTestNG -->
